<?xml version="1.0" encoding="UTF-8"?>
<!-- Generated by org.testng.reporters.JUnitReportReporter -->
<testsuite hostname="DC-90HLTYF-L" name="selenium.SetUpSuite" tests="1" failures="0" timestamp="4 Aug 2019 10:52:33 GMT" time="6.971" errors="0">
  <testcase name="launchBrowser" time="6.971" classname="selenium.SetUpSuite"/>
</testsuite> <!-- selenium.SetUpSuite -->
