<?xml version="1.0" encoding="UTF-8"?>
<!-- Generated by org.testng.reporters.JUnitReportReporter -->
<testsuite hostname="DC-90HLTYF-L" name="ExternalLinks_TC01" tests="2" failures="0" timestamp="5 Aug 2019 08:24:07 GMT" time="32.434" errors="0">
  <testcase name="verifyFeaturedArticleOxygen" time="17.111" classname="ExternalLinks_TC01"/>
  <testcase name="verifyPlutoniumSuggestion" time="15.323" classname="ExternalLinks_TC01"/>
</testsuite> <!-- ExternalLinks_TC01 -->
