<?xml version="1.0" encoding="UTF-8"?>
<!-- Generated by org.testng.reporters.JUnitReportReporter -->
<testsuite hostname="DC-90HLTYF-L" name="testcases1.ExternalLinks_TC01" tests="2" failures="0" timestamp="5 Aug 2019 08:30:36 GMT" time="33.103" errors="0">
  <testcase name="verifyFeaturedArticleOxygen" time="18.020" classname="testcases1.ExternalLinks_TC01"/>
  <testcase name="verifyPlutoniumSuggestion" time="15.083" classname="testcases1.ExternalLinks_TC01"/>
</testsuite> <!-- testcases1.ExternalLinks_TC01 -->
