<?xml version="1.0" encoding="UTF-8"?>
<!-- Generated by org.testng.reporters.JUnitReportReporter -->
<testsuite hostname="DC-90HLTYF-L" name="testcases.TC_01" tests="1" failures="0" timestamp="5 Aug 2019 12:42:45 GMT" time="15.983" errors="0">
  <testcase name="countOfPdfLinksInReferences" time="15.983" classname="testcases.TC_01"/>
</testsuite> <!-- testcases.TC_01 -->
